[0210/100527.431:ERROR:process_memory_win.cc(73)] ReadMemory at 0x7ff83e260000 of 64 bytes failed: Only part of a ReadProcessMemory or WriteProcessMemory request was completed. (0x12B)
[0210/100527.431:WARNING:pe_image_reader.cc(340)] could not read dos header from C:\Program Files (x86)\Google\Chrome\Application\80.0.3987.87\chrome.dll
[0210/100527.432:ERROR:process_memory_win.cc(73)] ReadMemory at 0x7ff6a3960000 of 64 bytes failed: Only part of a ReadProcessMemory or WriteProcessMemory request was completed. (0x12B)
[0210/100527.432:WARNING:pe_image_reader.cc(340)] could not read dos header from C:\Program Files (x86)\Google\Chrome\Application\chrome.exe
[0210/100527.432:ERROR:process_memory_win.cc(73)] ReadMemory at 0x7ff6a3960000 of 64 bytes failed: Only part of a ReadProcessMemory or WriteProcessMemory request was completed. (0x12B)
[0210/100527.432:WARNING:pe_image_reader.cc(340)] could not read dos header from C:\Program Files (x86)\Google\Chrome\Application\chrome.exe
[0210/100527.432:ERROR:process_memory_win.cc(73)] ReadMemory at 0x7ff8852d0248 of 40 bytes failed: Only part of a ReadProcessMemory or WriteProcessMemory request was completed. (0x12B)
[0210/100527.432:WARNING:pe_image_reader.cc(392)] could not read section 5 from C:\Program Files (x86)\Google\Chrome\Application\80.0.3987.87\chrome_elf.dll
[0210/100527.433:ERROR:process_memory_win.cc(73)] ReadMemory at 0x7ff83e260000 of 64 bytes failed: Only part of a ReadProcessMemory or WriteProcessMemory request was completed. (0x12B)
[0210/100527.433:WARNING:pe_image_reader.cc(340)] could not read dos header from C:\Program Files (x86)\Google\Chrome\Application\80.0.3987.87\chrome.dll
[0210/100527.433:ERROR:process_memory_win.cc(73)] ReadMemory at 0x7ff83e260000 of 64 bytes failed: Only part of a ReadProcessMemory or WriteProcessMemory request was completed. (0x12B)
[0210/100527.433:WARNING:pe_image_reader.cc(340)] could not read dos header from C:\Program Files (x86)\Google\Chrome\Application\80.0.3987.87\chrome.dll
[0210/100527.433:ERROR:process_memory_win.cc(73)] ReadMemory at 0x7ff89ad20000 of 64 bytes failed: Only part of a ReadProcessMemory or WriteProcessMemory request was completed. (0x12B)
[0210/100527.433:WARNING:pe_image_reader.cc(340)] could not read dos header from C:\Windows\System32\ucrtbase.dll
[0210/100527.433:ERROR:process_memory_win.cc(73)] ReadMemory at 0x7ff89ad20000 of 64 bytes failed: Only part of a ReadProcessMemory or WriteProcessMemory request was completed. (0x12B)
[0210/100527.433:WARNING:pe_image_reader.cc(340)] could not read dos header from C:\Windows\System32\ucrtbase.dll
[0210/100527.433:ERROR:process_memory_win.cc(73)] ReadMemory at 0x7ff89acc0000 of 64 bytes failed: Only part of a ReadProcessMemory or WriteProcessMemory request was completed. (0x12B)
[0210/100527.433:WARNING:pe_image_reader.cc(340)] could not read dos header from C:\Windows\System32\WINTRUST.dll
[0210/100527.433:ERROR:process_memory_win.cc(73)] ReadMemory at 0x7ff89acc0000 of 64 bytes failed: Only part of a ReadProcessMemory or WriteProcessMemory request was completed. (0x12B)
[0210/100527.433:WARNING:pe_image_reader.cc(340)] could not read dos header from C:\Windows\System32\WINTRUST.dll
[0210/100527.433:ERROR:process_memory_win.cc(73)] ReadMemory at 0x7ff89a950000 of 64 bytes failed: Only part of a ReadProcessMemory or WriteProcessMemory request was completed. (0x12B)
[0210/100527.433:WARNING:pe_image_reader.cc(340)] could not read dos header from C:\Windows\System32\MSASN1.dll
[0210/100527.433:ERROR:process_memory_win.cc(73)] ReadMemory at 0x7ff89a950000 of 64 bytes failed: Only part of a ReadProcessMemory or WriteProcessMemory request was completed. (0x12B)
[0210/100527.433:WARNING:pe_image_reader.cc(340)] could not read dos header from C:\Windows\System32\MSASN1.dll
[0210/100527.433:ERROR:process_memory_win.cc(73)] ReadMemory at 0x7ff89b620000 of 64 bytes failed: Only part of a ReadProcessMemory or WriteProcessMemory request was completed. (0x12B)
[0210/100527.433:WARNING:pe_image_reader.cc(340)] could not read dos header from C:\Windows\System32\CRYPT32.dll
[0210/100527.433:ERROR:process_memory_win.cc(73)] ReadMemory at 0x7ff89b620000 of 64 bytes failed: Only part of a ReadProcessMemory or WriteProcessMemory request was completed. (0x12B)
[0210/100527.433:WARNING:pe_image_reader.cc(340)] could not read dos header from C:\Windows\System32\CRYPT32.dll
[0210/100527.433:ERROR:process_memory_win.cc(73)] ReadMemory at 0x7ff899df0000 of 64 bytes failed: Only part of a ReadProcessMemory or WriteProcessMemory request was completed. (0x12B)
[0210/100527.433:WARNING:pe_image_reader.cc(340)] could not read dos header from C:\Windows\SYSTEM32\IPHLPAPI.DLL
[0210/100527.433:ERROR:process_memory_win.cc(73)] ReadMemory at 0x7ff899df0000 of 64 bytes failed: Only part of a ReadProcessMemory or WriteProcessMemory request was completed. (0x12B)
[0210/100527.433:WARNING:pe_image_reader.cc(340)] could not read dos header from C:\Windows\SYSTEM32\IPHLPAPI.DLL
[0210/100527.433:ERROR:process_memory_win.cc(73)] ReadMemory at 0x7ff889d90000 of 64 bytes failed: Only part of a ReadProcessMemory or WriteProcessMemory request was completed. (0x12B)
[0210/100527.433:WARNING:pe_image_reader.cc(340)] could not read dos header from C:\Windows\SYSTEM32\WINMM.dll
[0210/100527.433:ERROR:process_memory_win.cc(73)] ReadMemory at 0x7ff889d90000 of 64 bytes failed: Only part of a ReadProcessMemory or WriteProcessMemory request was completed. (0x12B)
[0210/100527.433:WARNING:pe_image_reader.cc(340)] could not read dos header from C:\Windows\SYSTEM32\WINMM.dll
[0210/100527.433:ERROR:process_memory_win.cc(73)] ReadMemory at 0x7ff88cd80000 of 64 bytes failed: Only part of a ReadProcessMemory or WriteProcessMemory request was completed. (0x12B)
[0210/100527.433:WARNING:pe_image_reader.cc(340)] could not read dos header from C:\Windows\SYSTEM32\Secur32.dll
[0210/100527.433:ERROR:process_memory_win.cc(73)] ReadMemory at 0x7ff88cd80000 of 64 bytes failed: Only part of a ReadProcessMemory or WriteProcessMemory request was completed. (0x12B)
[0210/100527.433:WARNING:pe_image_reader.cc(340)] could not read dos header from C:\Windows\SYSTEM32\Secur32.dll
[0210/100527.433:ERROR:process_memory_win.cc(73)] ReadMemory at 0x7ff89a7f0000 of 64 bytes failed: Only part of a ReadProcessMemory or WriteProcessMemory request was completed. (0x12B)
[0210/100527.433:WARNING:pe_image_reader.cc(340)] could not read dos header from C:\Windows\SYSTEM32\USERENV.dll
[0210/100527.434:ERROR:process_memory_win.cc(73)] ReadMemory at 0x7ff89a7f0000 of 64 bytes failed: Only part of a ReadProcessMemory or WriteProcessMemory request was completed. (0x12B)
[0210/100527.434:WARNING:pe_image_reader.cc(340)] could not read dos header from C:\Windows\SYSTEM32\USERENV.dll
[0210/100527.434:ERROR:process_memory_win.cc(73)] ReadMemory at 0x7ff89a8e0000 of 64 bytes failed: Only part of a ReadProcessMemory or WriteProcessMemory request was completed. (0x12B)
[0210/100527.434:WARNING:pe_image_reader.cc(340)] could not read dos header from C:\Windows\System32\profapi.dll
[0210/100527.434:ERROR:process_memory_win.cc(73)] ReadMemory at 0x7ff89a8e0000 of 64 bytes failed: Only part of a ReadProcessMemory or WriteProcessMemory request was completed. (0x12B)
[0210/100527.434:WARNING:pe_image_reader.cc(340)] could not read dos header from C:\Windows\System32\profapi.dll
[0210/100527.434:ERROR:process_memory_win.cc(73)] ReadMemory at 0x7ff87d5f0000 of 64 bytes failed: Only part of a ReadProcessMemory or WriteProcessMemory request was completed. (0x12B)
[0210/100527.434:WARNING:pe_image_reader.cc(340)] could not read dos header from C:\Windows\SYSTEM32\UIAutomationCore.DLL
[0210/100527.434:ERROR:process_memory_win.cc(73)] ReadMemory at 0x7ff87d5f0000 of 64 bytes failed: Only part of a ReadProcessMemory or WriteProcessMemory request was completed. (0x12B)
[0210/100527.434:WARNING:pe_image_reader.cc(340)] could not read dos header from C:\Windows\SYSTEM32\UIAutomationCore.DLL
[0210/100527.434:ERROR:process_memory_win.cc(73)] ReadMemory at 0x7ff88cd90000 of 64 bytes failed: Only part of a ReadProcessMemory or WriteProcessMemory request was completed. (0x12B)
[0210/100527.434:WARNING:pe_image_reader.cc(340)] could not read dos header from C:\Windows\SYSTEM32\DWrite.dll
[0210/100527.434:ERROR:process_memory_win.cc(73)] ReadMemory at 0x7ff88cd90000 of 64 bytes failed: Only part of a ReadProcessMemory or WriteProcessMemory request was completed. (0x12B)
[0210/100527.434:WARNING:pe_image_reader.cc(340)] could not read dos header from C:\Windows\SYSTEM32\DWrite.dll
[0210/100527.434:ERROR:process_memory_win.cc(73)] ReadMemory at 0x7ff872850000 of 64 bytes failed: Only part of a ReadProcessMemory or WriteProcessMemory request was completed. (0x12B)
[0210/100527.434:WARNING:pe_image_reader.cc(340)] could not read dos header from C:\Windows\SYSTEM32\WINSPOOL.DRV
[0210/100527.434:ERROR:process_memory_win.cc(73)] ReadMemory at 0x7ff872850000 of 64 bytes failed: Only part of a ReadProcessMemory or WriteProcessMemory request was completed. (0x12B)
[0210/100527.434:WARNING:pe_image_reader.cc(340)] could not read dos header from C:\Windows\SYSTEM32\WINSPOOL.DRV
[0210/100527.434:ERROR:process_memory_win.cc(73)] ReadMemory at 0x7ff89a970000 of 64 bytes failed: Only part of a ReadProcessMemory or WriteProcessMemory request was completed. (0x12B)
[0210/100527.434:WARNING:pe_image_reader.cc(340)] could not read dos header from C:\Windows\System32\kernel.appcore.dll
[0210/100527.434:ERROR:process_memory_win.cc(73)] ReadMemory at 0x7ff89a970000 of 64 bytes failed: Only part of a ReadProcessMemory or WriteProcessMemory request was completed. (0x12B)
[0210/100527.434:WARNING:pe_image_reader.cc(340)] could not read dos header from C:\Windows\System32\kernel.appcore.dll
[0210/100527.434:ERROR:process_memory_win.cc(73)] ReadMemory at 0x7ff89b770000 of 64 bytes failed: Only part of a ReadProcessMemory or WriteProcessMemory request was completed. (0x12B)
[0210/100527.434:WARNING:pe_image_reader.cc(340)] could not read dos header from C:\Windows\System32\bcrypt.dll
[0210/100527.434:ERROR:process_memory_win.cc(73)] ReadMemory at 0x7ff89b770000 of 64 bytes failed: Only part of a ReadProcessMemory or WriteProcessMemory request was completed. (0x12B)
[0210/100527.434:WARNING:pe_image_reader.cc(340)] could not read dos header from C:\Windows\System32\bcrypt.dll
[0210/100527.434:ERROR:process_memory_win.cc(73)] ReadMemory at 0x7ff895ba0000 of 64 bytes failed: Only part of a ReadProcessMemory or WriteProcessMemory request was completed. (0x12B)
[0210/100527.434:WARNING:pe_image_reader.cc(340)] could not read dos header from C:\Windows\SYSTEM32\dbghelp.dll
[0210/100527.434:ERROR:process_memory_win.cc(73)] ReadMemory at 0x7ff895ba0000 of 64 bytes failed: Only part of a ReadProcessMemory or WriteProcessMemory request was completed. (0x12B)
[0210/100527.434:WARNING:pe_image_reader.cc(340)] could not read dos header from C:\Windows\SYSTEM32\dbghelp.dll
[0210/100527.434:ERROR:process_memory_win.cc(73)] ReadMemory at 0x7ff8937b0000 of 64 bytes failed: Only part of a ReadProcessMemory or WriteProcessMemory request was completed. (0x12B)
[0210/100527.434:WARNING:pe_image_reader.cc(340)] could not read dos header from C:\Windows\SYSTEM32\WINHTTP.dll
[0210/100527.434:ERROR:process_memory_win.cc(73)] ReadMemory at 0x7ff8937b0000 of 64 bytes failed: Only part of a ReadProcessMemory or WriteProcessMemory request was completed. (0x12B)
[0210/100527.434:WARNING:pe_image_reader.cc(340)] could not read dos header from C:\Windows\SYSTEM32\WINHTTP.dll
[0210/100527.434:ERROR:process_memory_win.cc(73)] ReadMemory at 0x7ff895880000 of 64 bytes failed: Only part of a ReadProcessMemory or WriteProcessMemory request was completed. (0x12B)
[0210/100527.434:WARNING:pe_image_reader.cc(340)] could not read dos header from C:\Windows\SYSTEM32\dhcpcsvc.DLL
[0210/100527.434:ERROR:process_memory_win.cc(73)] ReadMemory at 0x7ff895880000 of 64 bytes failed: Only part of a ReadProcessMemory or WriteProcessMemory request was completed. (0x12B)
[0210/100527.434:WARNING:pe_image_reader.cc(340)] could not read dos header from C:\Windows\SYSTEM32\dhcpcsvc.DLL
[0210/100527.434:ERROR:process_memory_win.cc(73)] ReadMemory at 0x7ff89c8c0000 of 64 bytes failed: Only part of a ReadProcessMemory or WriteProcessMemory request was completed. (0x12B)
[0210/100527.434:WARNING:pe_image_reader.cc(340)] could not read dos header from C:\Windows\System32\NSI.dll
[0210/100527.434:ERROR:process_memory_win.cc(73)] ReadMemory at 0x7ff89c8c0000 of 64 bytes failed: Only part of a ReadProcessMemory or WriteProcessMemory request was completed. (0x12B)
[0210/100527.434:WARNING:pe_image_reader.cc(340)] could not read dos header from C:\Windows\System32\NSI.dll
[0210/100527.434:ERROR:process_memory_win.cc(73)] ReadMemory at 0x7ff8913f0000 of 64 bytes failed: Only part of a ReadProcessMemory or WriteProcessMemory request was completed. (0x12B)
[0210/100527.434:WARNING:pe_image_reader.cc(340)] could not read dos header from C:\Windows\SYSTEM32\WINMMBASE.dll
[0210/100527.434:ERROR:process_memory_win.cc(73)] ReadMemory at 0x7ff8913f0000 of 64 bytes failed: Only part of a ReadProcessMemory or WriteProcessMemory request was completed. (0x12B)
[0210/100527.434:WARNING:pe_image_reader.cc(340)] could not read dos header from C:\Windows\SYSTEM32\WINMMBASE.dll
[0210/100527.434:ERROR:process_memory_win.cc(73)] ReadMemory at 0x7ff89b5a0000 of 64 bytes failed: Only part of a ReadProcessMemory or WriteProcessMemory request was completed. (0x12B)
[0210/100527.434:WARNING:pe_image_reader.cc(340)] could not read dos header from C:\Windows\System32\cfgmgr32.dll
[0210/100527.434:ERROR:process_memory_win.cc(73)] ReadMemory at 0x7ff89b5a0000 of 64 bytes failed: Only part of a ReadProcessMemory or WriteProcessMemory request was completed. (0x12B)
[0210/100527.434:WARNING:pe_image_reader.cc(340)] could not read dos header from C:\Windows\System32\cfgmgr32.dll
[0210/100527.434:ERROR:process_memory_win.cc(73)] ReadMemory at 0x7ff897010000 of 64 bytes failed: Only part of a ReadProcessMemory or WriteProcessMemory request was completed. (0x12B)
[0210/100527.434:WARNING:pe_image_reader.cc(340)] could not read dos header from C:\Windows\SYSTEM32\PROPSYS.dll
[0210/100527.434:ERROR:process_memory_win.cc(73)] ReadMemory at 0x7ff897010000 of 64 bytes failed: Only part of a ReadProcessMemory or WriteProcessMemory request was completed. (0x12B)
[0210/100527.434:WARNING:pe_image_reader.cc(340)] could not read dos header from C:\Windows\SYSTEM32\PROPSYS.dll
[0210/100527.434:ERROR:process_memory_win.cc(73)] ReadMemory at 0x7ff89d910000 of 64 bytes failed: Only part of a ReadProcessMemory or WriteProcessMemory request was completed. (0x12B)
[0210/100527.434:WARNING:pe_image_reader.cc(340)] could not read dos header from C:\Windows\System32\shcore.dll
[0210/100527.434:ERROR:process_memory_win.cc(73)] ReadMemory at 0x7ff89d910000 of 64 bytes failed: Only part of a ReadProcessMemory or WriteProcessMemory request was completed. (0x12B)
[0210/100527.434:WARNING:pe_image_reader.cc(340)] could not read dos header from C:\Windows\System32\shcore.dll
[0210/100527.434:ERROR:process_memory_win.cc(73)] ReadMemory at 0x7ff89a7c0000 of 64 bytes failed: Only part of a ReadProcessMemory or WriteProcessMemory request was completed. (0x12B)
[0210/100527.434:WARNING:pe_image_reader.cc(340)] could not read dos header from C:\Windows\SYSTEM32\SSPICLI.DLL
[0210/100527.435:ERROR:process_memory_win.cc(73)] ReadMemory at 0x7ff89a7c0000 of 64 bytes failed: Only part of a ReadProcessMemory or WriteProcessMemory request was completed. (0x12B)
[0210/100527.435:WARNING:pe_image_reader.cc(340)] could not read dos header from C:\Windows\SYSTEM32\SSPICLI.DLL
[0210/100527.435:ERROR:process_memory_win.cc(73)] ReadMemory at 0x7ff89a2b0000 of 64 bytes failed: Only part of a ReadProcessMemory or WriteProcessMemory request was completed. (0x12B)
[0210/100527.435:WARNING:pe_image_reader.cc(340)] could not read dos header from C:\Windows\SYSTEM32\CRYPTBASE.DLL
[0210/100527.435:ERROR:process_memory_win.cc(73)] ReadMemory at 0x7ff89a2b0000 of 64 bytes failed: Only part of a ReadProcessMemory or WriteProcessMemory request was completed. (0x12B)
[0210/100527.435:WARNING:pe_image_reader.cc(340)] could not read dos header from C:\Windows\SYSTEM32\CRYPTBASE.DLL
[0210/100527.481:ERROR:process_memory_win.cc(73)] ReadMemory at 0x7ff6a3960000 of 64 bytes failed: Only part of a ReadProcessMemory or WriteProcessMemory request was completed. (0x12B)
[0210/100527.481:WARNING:pe_image_reader.cc(340)] could not read dos header from C:\Program Files (x86)\Google\Chrome\Application\chrome.exe
[0210/100527.481:ERROR:process_memory_win.cc(73)] ReadMemory at 0x7ff89da00000 of 64 bytes failed: Only part of a ReadProcessMemory or WriteProcessMemory request was completed. (0x12B)
[0210/100527.481:WARNING:pe_image_reader.cc(340)] could not read dos header from C:\Windows\SYSTEM32\ntdll.dll
[0210/100527.481:ERROR:process_memory_win.cc(73)] ReadMemory at 0x7ff89c140000 of 64 bytes failed: Only part of a ReadProcessMemory or WriteProcessMemory request was completed. (0x12B)
[0210/100527.481:WARNING:pe_image_reader.cc(340)] could not read dos header from C:\Windows\System32\KERNEL32.DLL
[0210/100527.481:ERROR:process_memory_win.cc(73)] ReadMemory at 0x7ff89aa10000 of 64 bytes failed: Only part of a ReadProcessMemory or WriteProcessMemory request was completed. (0x12B)
[0210/100527.481:WARNING:pe_image_reader.cc(340)] could not read dos header from C:\Windows\System32\KERNELBASE.dll
[0210/100527.481:ERROR:process_memory_win.cc(73)] ReadMemory at 0x7ff8852d0000 of 64 bytes failed: Only part of a ReadProcessMemory or WriteProcessMemory request was completed. (0x12B)
[0210/100527.481:WARNING:pe_image_reader.cc(340)] could not read dos header from C:\Program Files (x86)\Google\Chrome\Application\80.0.3987.87\chrome_elf.dll
[0210/100527.481:ERROR:process_memory_win.cc(73)] ReadMemory at 0x7ff895a80000 of 64 bytes failed: Only part of a ReadProcessMemory or WriteProcessMemory request was completed. (0x12B)
[0210/100527.481:WARNING:pe_image_reader.cc(340)] could not read dos header from C:\Windows\SYSTEM32\VERSION.dll
[0210/100527.481:ERROR:process_memory_win.cc(73)] ReadMemory at 0x7ff89cb70000 of 64 bytes failed: Only part of a ReadProcessMemory or WriteProcessMemory request was completed. (0x12B)
[0210/100527.481:WARNING:pe_image_reader.cc(340)] could not read dos header from C:\Windows\System32\msvcrt.dll
[0210/100527.481:ERROR:process_memory_win.cc(73)] ReadMemory at 0x7ff89a990000 of 64 bytes failed: Only part of a ReadProcessMemory or WriteProcessMemory request was completed. (0x12B)
[0210/100527.481:WARNING:pe_image_reader.cc(340)] could not read dos header from C:\Windows\System32\bcryptPrimitives.dll
[0210/100527.481:ERROR:process_memory_win.cc(73)] ReadMemory at 0x7ff89cc10000 of 64 bytes failed: Only part of a ReadProcessMemory or WriteProcessMemory request was completed. (0x12B)
[0210/100527.481:WARNING:pe_image_reader.cc(340)] could not read dos header from C:\Windows\System32\ADVAPI32.dll
[0210/100527.481:ERROR:process_memory_win.cc(73)] ReadMemory at 0x7ff89bab0000 of 64 bytes failed: Only part of a ReadProcessMemory or WriteProcessMemory request was completed. (0x12B)
[0210/100527.481:WARNING:pe_image_reader.cc(340)] could not read dos header from C:\Windows\System32\sechost.dll
[0210/100527.481:ERROR:process_memory_win.cc(73)] ReadMemory at 0x7ff89c2d0000 of 64 bytes failed: Only part of a ReadProcessMemory or WriteProcessMemory request was completed. (0x12B)
[0210/100527.481:WARNING:pe_image_reader.cc(340)] could not read dos header from C:\Windows\System32\RPCRT4.dll
[0210/100527.481:ERROR:process_memory_win.cc(73)] ReadMemory at 0x7ff83e260000 of 64 bytes failed: Only part of a ReadProcessMemory or WriteProcessMemory request was completed. (0x12B)
[0210/100527.481:WARNING:pe_image_reader.cc(340)] could not read dos header from C:\Program Files (x86)\Google\Chrome\Application\80.0.3987.87\chrome.dll
[0210/100527.481:ERROR:process_memory_win.cc(73)] ReadMemory at 0x7ff89cae0000 of 64 bytes failed: Only part of a ReadProcessMemory or WriteProcessMemory request was completed. (0x12B)
[0210/100527.481:WARNING:pe_image_reader.cc(340)] could not read dos header from C:\Windows\System32\WS2_32.dll
[0210/100527.481:ERROR:process_memory_win.cc(73)] ReadMemory at 0x7ff89bc00000 of 64 bytes failed: Only part of a ReadProcessMemory or WriteProcessMemory request was completed. (0x12B)
[0210/100527.481:WARNING:pe_image_reader.cc(340)] could not read dos header from C:\Windows\System32\OLEAUT32.dll
[0210/100527.481:ERROR:process_memory_win.cc(73)] ReadMemory at 0x7ff89ba10000 of 64 bytes failed: Only part of a ReadProcessMemory or WriteProcessMemory request was completed. (0x12B)
[0210/100527.481:WARNING:pe_image_reader.cc(340)] could not read dos header from C:\Windows\System32\msvcp_win.dll
[0210/100527.481:ERROR:process_memory_win.cc(73)] ReadMemory at 0x7ff89ad20000 of 64 bytes failed: Only part of a ReadProcessMemory or WriteProcessMemory request was completed. (0x12B)
[0210/100527.481:WARNING:pe_image_reader.cc(340)] could not read dos header from C:\Windows\System32\ucrtbase.dll
[0210/100527.481:ERROR:process_memory_win.cc(73)] ReadMemory at 0x7ff89d5d0000 of 64 bytes failed: Only part of a ReadProcessMemory or WriteProcessMemory request was completed. (0x12B)
[0210/100527.481:WARNING:pe_image_reader.cc(340)] could not read dos header from C:\Windows\System32\combase.dll
[0210/100527.481:ERROR:process_memory_win.cc(73)] ReadMemory at 0x7ff89acc0000 of 64 bytes failed: Only part of a ReadProcessMemory or WriteProcessMemory request was completed. (0x12B)
[0210/100527.481:WARNING:pe_image_reader.cc(340)] could not read dos header from C:\Windows\System32\WINTRUST.dll
[0210/100527.481:ERROR:process_memory_win.cc(73)] ReadMemory at 0x7ff89a950000 of 64 bytes failed: Only part of a ReadProcessMemory or WriteProcessMemory request was completed. (0x12B)
[0210/100527.481:WARNING:pe_image_reader.cc(340)] could not read dos header from C:\Windows\System32\MSASN1.dll
[0210/100527.481:ERROR:process_memory_win.cc(73)] ReadMemory at 0x7ff89b620000 of 64 bytes failed: Only part of a ReadProcessMemory or WriteProcessMemory request was completed. (0x12B)
[0210/100527.481:WARNING:pe_image_reader.cc(340)] could not read dos header from C:\Windows\System32\CRYPT32.dll
[0210/100527.481:ERROR:process_memory_win.cc(73)] ReadMemory at 0x7ff899df0000 of 64 bytes failed: Only part of a ReadProcessMemory or WriteProcessMemory request was completed. (0x12B)
[0210/100527.481:WARNING:pe_image_reader.cc(340)] could not read dos header from C:\Windows\SYSTEM32\IPHLPAPI.DLL
[0210/100527.481:ERROR:process_memory_win.cc(73)] ReadMemory at 0x7ff889d90000 of 64 bytes failed: Only part of a ReadProcessMemory or WriteProcessMemory request was completed. (0x12B)
[0210/100527.481:WARNING:pe_image_reader.cc(340)] could not read dos header from C:\Windows\SYSTEM32\WINMM.dll
[0210/100527.481:ERROR:process_memory_win.cc(73)] ReadMemory at 0x7ff88cd80000 of 64 bytes failed: Only part of a ReadProcessMemory or WriteProcessMemory request was completed. (0x12B)
[0210/100527.481:WARNING:pe_image_reader.cc(340)] could not read dos header from C:\Windows\SYSTEM32\Secur32.dll
[0210/100527.481:ERROR:process_memory_win.cc(73)] ReadMemory at 0x7ff89a7f0000 of 64 bytes failed: Only part of a ReadProcessMemory or WriteProcessMemory request was completed. (0x12B)
[0210/100527.481:WARNING:pe_image_reader.cc(340)] could not read dos header from C:\Windows\SYSTEM32\USERENV.dll
[0210/100527.481:ERROR:process_memory_win.cc(73)] ReadMemory at 0x7ff89a8e0000 of 64 bytes failed: Only part of a ReadProcessMemory or WriteProcessMemory request was completed. (0x12B)
[0210/100527.481:WARNING:pe_image_reader.cc(340)] could not read dos header from C:\Windows\System32\profapi.dll
[0210/100527.481:ERROR:process_memory_win.cc(73)] ReadMemory at 0x7ff87d5f0000 of 64 bytes failed: Only part of a ReadProcessMemory or WriteProcessMemory request was completed. (0x12B)
[0210/100527.481:WARNING:pe_image_reader.cc(340)] could not read dos header from C:\Windows\SYSTEM32\UIAutomationCore.DLL
[0210/100527.481:ERROR:process_memory_win.cc(73)] ReadMemory at 0x7ff88cd90000 of 64 bytes failed: Only part of a ReadProcessMemory or WriteProcessMemory request was completed. (0x12B)
[0210/100527.481:WARNING:pe_image_reader.cc(340)] could not read dos header from C:\Windows\SYSTEM32\DWrite.dll
[0210/100527.481:ERROR:process_memory_win.cc(73)] ReadMemory at 0x7ff872850000 of 64 bytes failed: Only part of a ReadProcessMemory or WriteProcessMemory request was completed. (0x12B)
[0210/100527.481:WARNING:pe_image_reader.cc(340)] could not read dos header from C:\Windows\SYSTEM32\WINSPOOL.DRV
[0210/100527.481:ERROR:process_memory_win.cc(73)] ReadMemory at 0x7ff89a970000 of 64 bytes failed: Only part of a ReadProcessMemory or WriteProcessMemory request was completed. (0x12B)
[0210/100527.482:WARNING:pe_image_reader.cc(340)] could not read dos header from C:\Windows\System32\kernel.appcore.dll
[0210/100527.482:ERROR:process_memory_win.cc(73)] ReadMemory at 0x7ff89b770000 of 64 bytes failed: Only part of a ReadProcessMemory or WriteProcessMemory request was completed. (0x12B)
[0210/100527.482:WARNING:pe_image_reader.cc(340)] could not read dos header from C:\Windows\System32\bcrypt.dll
[0210/100527.482:ERROR:process_memory_win.cc(73)] ReadMemory at 0x7ff895ba0000 of 64 bytes failed: Only part of a ReadProcessMemory or WriteProcessMemory request was completed. (0x12B)
[0210/100527.482:WARNING:pe_image_reader.cc(340)] could not read dos header from C:\Windows\SYSTEM32\dbghelp.dll
[0210/100527.482:ERROR:process_memory_win.cc(73)] ReadMemory at 0x7ff8937b0000 of 64 bytes failed: Only part of a ReadProcessMemory or WriteProcessMemory request was completed. (0x12B)
[0210/100527.482:WARNING:pe_image_reader.cc(340)] could not read dos header from C:\Windows\SYSTEM32\WINHTTP.dll
[0210/100527.482:ERROR:process_memory_win.cc(73)] ReadMemory at 0x7ff895880000 of 64 bytes failed: Only part of a ReadProcessMemory or WriteProcessMemory request was completed. (0x12B)
[0210/100527.482:WARNING:pe_image_reader.cc(340)] could not read dos header from C:\Windows\SYSTEM32\dhcpcsvc.DLL
[0210/100527.482:ERROR:process_memory_win.cc(73)] ReadMemory at 0x7ff89c8c0000 of 64 bytes failed: Only part of a ReadProcessMemory or WriteProcessMemory request was completed. (0x12B)
[0210/100527.482:WARNING:pe_image_reader.cc(340)] could not read dos header from C:\Windows\System32\NSI.dll
[0210/100527.482:ERROR:process_memory_win.cc(73)] ReadMemory at 0x7ff8913f0000 of 64 bytes failed: Only part of a ReadProcessMemory or WriteProcessMemory request was completed. (0x12B)
[0210/100527.482:WARNING:pe_image_reader.cc(340)] could not read dos header from C:\Windows\SYSTEM32\WINMMBASE.dll
[0210/100527.482:ERROR:process_memory_win.cc(73)] ReadMemory at 0x7ff89b5a0000 of 64 bytes failed: Only part of a ReadProcessMemory or WriteProcessMemory request was completed. (0x12B)
[0210/100527.482:WARNING:pe_image_reader.cc(340)] could not read dos header from C:\Windows\System32\cfgmgr32.dll
[0210/100527.482:ERROR:process_memory_win.cc(73)] ReadMemory at 0x7ff897010000 of 64 bytes failed: Only part of a ReadProcessMemory or WriteProcessMemory request was completed. (0x12B)
[0210/100527.482:WARNING:pe_image_reader.cc(340)] could not read dos header from C:\Windows\SYSTEM32\PROPSYS.dll
[0210/100527.482:ERROR:process_memory_win.cc(73)] ReadMemory at 0x7ff89d910000 of 64 bytes failed: Only part of a ReadProcessMemory or WriteProcessMemory request was completed. (0x12B)
[0210/100527.482:WARNING:pe_image_reader.cc(340)] could not read dos header from C:\Windows\System32\shcore.dll
[0210/100527.482:ERROR:process_memory_win.cc(73)] ReadMemory at 0x7ff89a7c0000 of 64 bytes failed: Only part of a ReadProcessMemory or WriteProcessMemory request was completed. (0x12B)
[0210/100527.482:WARNING:pe_image_reader.cc(340)] could not read dos header from C:\Windows\SYSTEM32\SSPICLI.DLL
[0210/100527.482:ERROR:process_memory_win.cc(73)] ReadMemory at 0x7ff89a2b0000 of 64 bytes failed: Only part of a ReadProcessMemory or WriteProcessMemory request was completed. (0x12B)
[0210/100527.482:WARNING:pe_image_reader.cc(340)] could not read dos header from C:\Windows\SYSTEM32\CRYPTBASE.DLL
[0210/100527.482:ERROR:process_memory_win.cc(73)] ReadMemory at 0x7ff6a3960000 of 64 bytes failed: Only part of a ReadProcessMemory or WriteProcessMemory request was completed. (0x12B)
[0210/100527.482:WARNING:pe_image_reader.cc(340)] could not read dos header from C:\Program Files (x86)\Google\Chrome\Application\chrome.exe
[0210/100527.482:ERROR:process_memory_win.cc(73)] ReadMemory at 0x7ff89da00000 of 64 bytes failed: Only part of a ReadProcessMemory or WriteProcessMemory request was completed. (0x12B)
[0210/100527.482:WARNING:pe_image_reader.cc(340)] could not read dos header from C:\Windows\SYSTEM32\ntdll.dll
[0210/100527.482:ERROR:process_memory_win.cc(73)] ReadMemory at 0x7ff89c140000 of 64 bytes failed: Only part of a ReadProcessMemory or WriteProcessMemory request was completed. (0x12B)
[0210/100527.482:WARNING:pe_image_reader.cc(340)] could not read dos header from C:\Windows\System32\KERNEL32.DLL
[0210/100527.482:ERROR:process_memory_win.cc(73)] ReadMemory at 0x7ff89aa10000 of 64 bytes failed: Only part of a ReadProcessMemory or WriteProcessMemory request was completed. (0x12B)
[0210/100527.482:WARNING:pe_image_reader.cc(340)] could not read dos header from C:\Windows\System32\KERNELBASE.dll
[0210/100527.482:ERROR:process_memory_win.cc(73)] ReadMemory at 0x7ff8852d0000 of 64 bytes failed: Only part of a ReadProcessMemory or WriteProcessMemory request was completed. (0x12B)
[0210/100527.482:WARNING:pe_image_reader.cc(340)] could not read dos header from C:\Program Files (x86)\Google\Chrome\Application\80.0.3987.87\chrome_elf.dll
[0210/100527.482:ERROR:process_memory_win.cc(73)] ReadMemory at 0x7ff895a80000 of 64 bytes failed: Only part of a ReadProcessMemory or WriteProcessMemory request was completed. (0x12B)
[0210/100527.482:WARNING:pe_image_reader.cc(340)] could not read dos header from C:\Windows\SYSTEM32\VERSION.dll
[0210/100527.482:ERROR:process_memory_win.cc(73)] ReadMemory at 0x7ff89cb70000 of 64 bytes failed: Only part of a ReadProcessMemory or WriteProcessMemory request was completed. (0x12B)
[0210/100527.482:WARNING:pe_image_reader.cc(340)] could not read dos header from C:\Windows\System32\msvcrt.dll
[0210/100527.482:ERROR:process_memory_win.cc(73)] ReadMemory at 0x7ff89a990000 of 64 bytes failed: Only part of a ReadProcessMemory or WriteProcessMemory request was completed. (0x12B)
[0210/100527.482:WARNING:pe_image_reader.cc(340)] could not read dos header from C:\Windows\System32\bcryptPrimitives.dll
[0210/100527.482:ERROR:process_memory_win.cc(73)] ReadMemory at 0x7ff89cc10000 of 64 bytes failed: Only part of a ReadProcessMemory or WriteProcessMemory request was completed. (0x12B)
[0210/100527.482:WARNING:pe_image_reader.cc(340)] could not read dos header from C:\Windows\System32\ADVAPI32.dll
[0210/100527.482:ERROR:process_memory_win.cc(73)] ReadMemory at 0x7ff89bab0000 of 64 bytes failed: Only part of a ReadProcessMemory or WriteProcessMemory request was completed. (0x12B)
[0210/100527.482:WARNING:pe_image_reader.cc(340)] could not read dos header from C:\Windows\System32\sechost.dll
[0210/100527.482:ERROR:process_memory_win.cc(73)] ReadMemory at 0x7ff89c2d0000 of 64 bytes failed: Only part of a ReadProcessMemory or WriteProcessMemory request was completed. (0x12B)
[0210/100527.482:WARNING:pe_image_reader.cc(340)] could not read dos header from C:\Windows\System32\RPCRT4.dll
[0210/100527.482:ERROR:process_memory_win.cc(73)] ReadMemory at 0x7ff83e260000 of 64 bytes failed: Only part of a ReadProcessMemory or WriteProcessMemory request was completed. (0x12B)
[0210/100527.482:WARNING:pe_image_reader.cc(340)] could not read dos header from C:\Program Files (x86)\Google\Chrome\Application\80.0.3987.87\chrome.dll
[0210/100527.482:ERROR:process_memory_win.cc(73)] ReadMemory at 0x7ff89cae0000 of 64 bytes failed: Only part of a ReadProcessMemory or WriteProcessMemory request was completed. (0x12B)
[0210/100527.482:WARNING:pe_image_reader.cc(340)] could not read dos header from C:\Windows\System32\WS2_32.dll
[0210/100527.482:ERROR:process_memory_win.cc(73)] ReadMemory at 0x7ff89bc00000 of 64 bytes failed: Only part of a ReadProcessMemory or WriteProcessMemory request was completed. (0x12B)
[0210/100527.482:WARNING:pe_image_reader.cc(340)] could not read dos header from C:\Windows\System32\OLEAUT32.dll
[0210/100527.482:ERROR:process_memory_win.cc(73)] ReadMemory at 0x7ff89ba10000 of 64 bytes failed: Only part of a ReadProcessMemory or WriteProcessMemory request was completed. (0x12B)
[0210/100527.482:WARNING:pe_image_reader.cc(340)] could not read dos header from C:\Windows\System32\msvcp_win.dll
[0210/100527.482:ERROR:process_memory_win.cc(73)] ReadMemory at 0x7ff89ad20000 of 64 bytes failed: Only part of a ReadProcessMemory or WriteProcessMemory request was completed. (0x12B)
[0210/100527.482:WARNING:pe_image_reader.cc(340)] could not read dos header from C:\Windows\System32\ucrtbase.dll
[0210/100527.482:ERROR:process_memory_win.cc(73)] ReadMemory at 0x7ff89d5d0000 of 64 bytes failed: Only part of a ReadProcessMemory or WriteProcessMemory request was completed. (0x12B)
[0210/100527.482:WARNING:pe_image_reader.cc(340)] could not read dos header from C:\Windows\System32\combase.dll
[0210/100527.482:ERROR:process_memory_win.cc(73)] ReadMemory at 0x7ff89acc0000 of 64 bytes failed: Only part of a ReadProcessMemory or WriteProcessMemory request was completed. (0x12B)
[0210/100527.482:WARNING:pe_image_reader.cc(340)] could not read dos header from C:\Windows\System32\WINTRUST.dll
[0210/100527.482:ERROR:process_memory_win.cc(73)] ReadMemory at 0x7ff89a950000 of 64 bytes failed: Only part of a ReadProcessMemory or WriteProcessMemory request was completed. (0x12B)
[0210/100527.482:WARNING:pe_image_reader.cc(340)] could not read dos header from C:\Windows\System32\MSASN1.dll
[0210/100527.483:ERROR:process_memory_win.cc(73)] ReadMemory at 0x7ff89b620000 of 64 bytes failed: Only part of a ReadProcessMemory or WriteProcessMemory request was completed. (0x12B)
[0210/100527.483:WARNING:pe_image_reader.cc(340)] could not read dos header from C:\Windows\System32\CRYPT32.dll
[0210/100527.483:ERROR:process_memory_win.cc(73)] ReadMemory at 0x7ff899df0000 of 64 bytes failed: Only part of a ReadProcessMemory or WriteProcessMemory request was completed. (0x12B)
[0210/100527.483:WARNING:pe_image_reader.cc(340)] could not read dos header from C:\Windows\SYSTEM32\IPHLPAPI.DLL
[0210/100527.483:ERROR:process_memory_win.cc(73)] ReadMemory at 0x7ff889d90000 of 64 bytes failed: Only part of a ReadProcessMemory or WriteProcessMemory request was completed. (0x12B)
[0210/100527.483:WARNING:pe_image_reader.cc(340)] could not read dos header from C:\Windows\SYSTEM32\WINMM.dll
[0210/100527.483:ERROR:process_memory_win.cc(73)] ReadMemory at 0x7ff88cd80000 of 64 bytes failed: Only part of a ReadProcessMemory or WriteProcessMemory request was completed. (0x12B)
[0210/100527.483:WARNING:pe_image_reader.cc(340)] could not read dos header from C:\Windows\SYSTEM32\Secur32.dll
[0210/100527.483:ERROR:process_memory_win.cc(73)] ReadMemory at 0x7ff89a7f0000 of 64 bytes failed: Only part of a ReadProcessMemory or WriteProcessMemory request was completed. (0x12B)
[0210/100527.483:WARNING:pe_image_reader.cc(340)] could not read dos header from C:\Windows\SYSTEM32\USERENV.dll
[0210/100527.483:ERROR:process_memory_win.cc(73)] ReadMemory at 0x7ff89a8e0000 of 64 bytes failed: Only part of a ReadProcessMemory or WriteProcessMemory request was completed. (0x12B)
[0210/100527.483:WARNING:pe_image_reader.cc(340)] could not read dos header from C:\Windows\System32\profapi.dll
[0210/100527.483:ERROR:process_memory_win.cc(73)] ReadMemory at 0x7ff87d5f0000 of 64 bytes failed: Only part of a ReadProcessMemory or WriteProcessMemory request was completed. (0x12B)
[0210/100527.483:WARNING:pe_image_reader.cc(340)] could not read dos header from C:\Windows\SYSTEM32\UIAutomationCore.DLL
[0210/100527.483:ERROR:process_memory_win.cc(73)] ReadMemory at 0x7ff88cd90000 of 64 bytes failed: Only part of a ReadProcessMemory or WriteProcessMemory request was completed. (0x12B)
[0210/100527.483:WARNING:pe_image_reader.cc(340)] could not read dos header from C:\Windows\SYSTEM32\DWrite.dll
[0210/100527.483:ERROR:process_memory_win.cc(73)] ReadMemory at 0x7ff872850000 of 64 bytes failed: Only part of a ReadProcessMemory or WriteProcessMemory request was completed. (0x12B)
[0210/100527.483:WARNING:pe_image_reader.cc(340)] could not read dos header from C:\Windows\SYSTEM32\WINSPOOL.DRV
[0210/100527.483:ERROR:process_memory_win.cc(73)] ReadMemory at 0x7ff89a970000 of 64 bytes failed: Only part of a ReadProcessMemory or WriteProcessMemory request was completed. (0x12B)
[0210/100527.483:WARNING:pe_image_reader.cc(340)] could not read dos header from C:\Windows\System32\kernel.appcore.dll
[0210/100527.483:ERROR:process_memory_win.cc(73)] ReadMemory at 0x7ff89b770000 of 64 bytes failed: Only part of a ReadProcessMemory or WriteProcessMemory request was completed. (0x12B)
[0210/100527.483:WARNING:pe_image_reader.cc(340)] could not read dos header from C:\Windows\System32\bcrypt.dll
[0210/100527.483:ERROR:process_memory_win.cc(73)] ReadMemory at 0x7ff895ba0000 of 64 bytes failed: Only part of a ReadProcessMemory or WriteProcessMemory request was completed. (0x12B)
[0210/100527.483:WARNING:pe_image_reader.cc(340)] could not read dos header from C:\Windows\SYSTEM32\dbghelp.dll
[0210/100527.483:ERROR:process_memory_win.cc(73)] ReadMemory at 0x7ff8937b0000 of 64 bytes failed: Only part of a ReadProcessMemory or WriteProcessMemory request was completed. (0x12B)
[0210/100527.483:WARNING:pe_image_reader.cc(340)] could not read dos header from C:\Windows\SYSTEM32\WINHTTP.dll
[0210/100527.483:ERROR:process_memory_win.cc(73)] ReadMemory at 0x7ff895880000 of 64 bytes failed: Only part of a ReadProcessMemory or WriteProcessMemory request was completed. (0x12B)
[0210/100527.483:WARNING:pe_image_reader.cc(340)] could not read dos header from C:\Windows\SYSTEM32\dhcpcsvc.DLL
[0210/100527.483:ERROR:process_memory_win.cc(73)] ReadMemory at 0x7ff89c8c0000 of 64 bytes failed: Only part of a ReadProcessMemory or WriteProcessMemory request was completed. (0x12B)
[0210/100527.483:WARNING:pe_image_reader.cc(340)] could not read dos header from C:\Windows\System32\NSI.dll
[0210/100527.483:ERROR:process_memory_win.cc(73)] ReadMemory at 0x7ff8913f0000 of 64 bytes failed: Only part of a ReadProcessMemory or WriteProcessMemory request was completed. (0x12B)
[0210/100527.483:WARNING:pe_image_reader.cc(340)] could not read dos header from C:\Windows\SYSTEM32\WINMMBASE.dll
[0210/100527.483:ERROR:process_memory_win.cc(73)] ReadMemory at 0x7ff89b5a0000 of 64 bytes failed: Only part of a ReadProcessMemory or WriteProcessMemory request was completed. (0x12B)
[0210/100527.483:WARNING:pe_image_reader.cc(340)] could not read dos header from C:\Windows\System32\cfgmgr32.dll
[0210/100527.483:ERROR:process_memory_win.cc(73)] ReadMemory at 0x7ff897010000 of 64 bytes failed: Only part of a ReadProcessMemory or WriteProcessMemory request was completed. (0x12B)
[0210/100527.483:WARNING:pe_image_reader.cc(340)] could not read dos header from C:\Windows\SYSTEM32\PROPSYS.dll
[0210/100527.483:ERROR:process_memory_win.cc(73)] ReadMemory at 0x7ff89d910000 of 64 bytes failed: Only part of a ReadProcessMemory or WriteProcessMemory request was completed. (0x12B)
[0210/100527.483:WARNING:pe_image_reader.cc(340)] could not read dos header from C:\Windows\System32\shcore.dll
[0210/100527.483:ERROR:process_memory_win.cc(73)] ReadMemory at 0x7ff89a7c0000 of 64 bytes failed: Only part of a ReadProcessMemory or WriteProcessMemory request was completed. (0x12B)
[0210/100527.483:WARNING:pe_image_reader.cc(340)] could not read dos header from C:\Windows\SYSTEM32\SSPICLI.DLL
[0210/100527.483:ERROR:process_memory_win.cc(73)] ReadMemory at 0x7ff89a2b0000 of 64 bytes failed: Only part of a ReadProcessMemory or WriteProcessMemory request was completed. (0x12B)
[0210/100527.483:WARNING:pe_image_reader.cc(340)] could not read dos header from C:\Windows\SYSTEM32\CRYPTBASE.DLL
[0210/100527.486:ERROR:process_memory_win.cc(73)] ReadMemory at 0xe2d3bf9000 of 28672 bytes failed: Only part of a ReadProcessMemory or WriteProcessMemory request was completed. (0x12B)
[0210/100527.486:ERROR:process_memory_win.cc(73)] ReadMemory at 0xe2d43fd000 of 12288 bytes failed: Only part of a ReadProcessMemory or WriteProcessMemory request was completed. (0x12B)
[0210/100527.486:ERROR:process_memory_win.cc(73)] ReadMemory at 0xe2d4bfd000 of 12288 bytes failed: Only part of a ReadProcessMemory or WriteProcessMemory request was completed. (0x12B)
[0210/100527.486:ERROR:process_memory_win.cc(73)] ReadMemory at 0xe2d53fc000 of 16384 bytes failed: Only part of a ReadProcessMemory or WriteProcessMemory request was completed. (0x12B)
[0210/100527.486:ERROR:process_memory_win.cc(73)] ReadMemory at 0xe2d5bfc000 of 16384 bytes failed: Only part of a ReadProcessMemory or WriteProcessMemory request was completed. (0x12B)
[0210/100527.486:ERROR:process_memory_win.cc(73)] ReadMemory at 0xe2d63fe000 of 8192 bytes failed: Only part of a ReadProcessMemory or WriteProcessMemory request was completed. (0x12B)
[0210/100527.486:ERROR:process_memory_win.cc(73)] ReadMemory at 0xe2d6bfd000 of 12288 bytes failed: Only part of a ReadProcessMemory or WriteProcessMemory request was completed. (0x12B)
[0210/100527.486:ERROR:process_memory_win.cc(73)] ReadMemory at 0xe2d73fd000 of 12288 bytes failed: Only part of a ReadProcessMemory or WriteProcessMemory request was completed. (0x12B)
[0210/100527.486:ERROR:process_memory_win.cc(73)] ReadMemory at 0xe2d7bfd000 of 12288 bytes failed: Only part of a ReadProcessMemory or WriteProcessMemory request was completed. (0x12B)
[0210/100527.487:ERROR:process_memory_win.cc(73)] ReadMemory at 0xe2d83fd000 of 12288 bytes failed: Only part of a ReadProcessMemory or WriteProcessMemory request was completed. (0x12B)
[0210/100527.487:ERROR:process_memory_win.cc(73)] ReadMemory at 0xe2d8bfd000 of 12288 bytes failed: Only part of a ReadProcessMemory or WriteProcessMemory request was completed. (0x12B)
[0210/100527.487:ERROR:process_memory_win.cc(73)] ReadMemory at 0xe2d93fd000 of 12288 bytes failed: Only part of a ReadProcessMemory or WriteProcessMemory request was completed. (0x12B)
[0210/100527.487:ERROR:process_memory_win.cc(73)] ReadMemory at 0xe2d9bfd000 of 12288 bytes failed: Only part of a ReadProcessMemory or WriteProcessMemory request was completed. (0x12B)
[0210/100527.487:ERROR:process_memory_win.cc(73)] ReadMemory at 0xe2da3fd000 of 12288 bytes failed: Only part of a ReadProcessMemory or WriteProcessMemory request was completed. (0x12B)
[0210/100527.487:ERROR:process_memory_win.cc(73)] ReadMemory at 0xe2dabfd000 of 12288 bytes failed: Only part of a ReadProcessMemory or WriteProcessMemory request was completed. (0x12B)
[0210/100527.487:ERROR:process_memory_win.cc(73)] ReadMemory at 0xe2d32fc000 of 852 bytes failed: Only part of a ReadProcessMemory or WriteProcessMemory request was completed. (0x12B)
[0210/100527.487:ERROR:process_memory_win.cc(73)] ReadMemory at 0xe2d32fd000 of 6024 bytes failed: Only part of a ReadProcessMemory or WriteProcessMemory request was completed. (0x12B)
[0210/100527.487:ERROR:process_memory_win.cc(73)] ReadMemory at 0xe2d32ff000 of 6024 bytes failed: Only part of a ReadProcessMemory or WriteProcessMemory request was completed. (0x12B)
[0210/100527.487:ERROR:process_memory_win.cc(73)] ReadMemory at 0xe2d3301000 of 6024 bytes failed: Only part of a ReadProcessMemory or WriteProcessMemory request was completed. (0x12B)
[0210/100527.487:ERROR:process_memory_win.cc(73)] ReadMemory at 0xe2d3303000 of 6024 bytes failed: Only part of a ReadProcessMemory or WriteProcessMemory request was completed. (0x12B)
[0210/100527.487:ERROR:process_memory_win.cc(73)] ReadMemory at 0xe2d3305000 of 6024 bytes failed: Only part of a ReadProcessMemory or WriteProcessMemory request was completed. (0x12B)
[0210/100527.487:ERROR:process_memory_win.cc(73)] ReadMemory at 0xe2d3307000 of 6024 bytes failed: Only part of a ReadProcessMemory or WriteProcessMemory request was completed. (0x12B)
[0210/100527.487:ERROR:process_memory_win.cc(73)] ReadMemory at 0xe2d3309000 of 6024 bytes failed: Only part of a ReadProcessMemory or WriteProcessMemory request was completed. (0x12B)
[0210/100527.487:ERROR:process_memory_win.cc(73)] ReadMemory at 0xe2d330b000 of 6024 bytes failed: Only part of a ReadProcessMemory or WriteProcessMemory request was completed. (0x12B)
[0210/100527.487:ERROR:process_memory_win.cc(73)] ReadMemory at 0xe2d330d000 of 6024 bytes failed: Only part of a ReadProcessMemory or WriteProcessMemory request was completed. (0x12B)
[0210/100527.487:ERROR:process_memory_win.cc(73)] ReadMemory at 0xe2d330f000 of 6024 bytes failed: Only part of a ReadProcessMemory or WriteProcessMemory request was completed. (0x12B)
[0210/100527.487:ERROR:process_memory_win.cc(73)] ReadMemory at 0xe2d3311000 of 6024 bytes failed: Only part of a ReadProcessMemory or WriteProcessMemory request was completed. (0x12B)
[0210/100527.487:ERROR:process_memory_win.cc(73)] ReadMemory at 0xe2d3313000 of 6024 bytes failed: Only part of a ReadProcessMemory or WriteProcessMemory request was completed. (0x12B)
[0210/100527.487:ERROR:process_memory_win.cc(73)] ReadMemory at 0xe2d3315000 of 6024 bytes failed: Only part of a ReadProcessMemory or WriteProcessMemory request was completed. (0x12B)
[0210/100527.487:ERROR:process_memory_win.cc(73)] ReadMemory at 0xe2d3317000 of 6024 bytes failed: Only part of a ReadProcessMemory or WriteProcessMemory request was completed. (0x12B)
[0210/100527.487:ERROR:process_memory_win.cc(73)] ReadMemory at 0xe2d3319000 of 6024 bytes failed: Only part of a ReadProcessMemory or WriteProcessMemory request was completed. (0x12B)
[0210/100527.487:ERROR:process_memory_win.cc(73)] ReadMemory at 0x221ef020fe0 of 6838 bytes failed: Only part of a ReadProcessMemory or WriteProcessMemory request was completed. (0x12B)
[0210/100527.488:ERROR:process_memory_win.cc(73)] ReadMemory at 0x221ef022aa0 of 1012 bytes failed: Only part of a ReadProcessMemory or WriteProcessMemory request was completed. (0x12B)
[0210/100527.488:ERROR:process_memory_win.cc(73)] ReadMemory at 0x221ef0230e8 of 118 bytes failed: Only part of a ReadProcessMemory or WriteProcessMemory request was completed. (0x12B)
[0210/100527.488:ERROR:process_memory_win.cc(73)] ReadMemory at 0x221ef023160 of 758 bytes failed: Only part of a ReadProcessMemory or WriteProcessMemory request was completed. (0x12B)
[0210/100527.488:ERROR:process_memory_win.cc(73)] ReadMemory at 0x221ef023458 of 118 bytes failed: Only part of a ReadProcessMemory or WriteProcessMemory request was completed. (0x12B)
[0210/100527.488:ERROR:process_memory_win.cc(73)] ReadMemory at 0x221ef0234d0 of 102 bytes failed: Only part of a ReadProcessMemory or WriteProcessMemory request was completed. (0x12B)
[0210/100527.488:ERROR:process_memory_win.cc(73)] ReadMemory at 0x221ef023550 of 58 bytes failed: Only part of a ReadProcessMemory or WriteProcessMemory request was completed. (0x12B)
[0210/100527.488:ERROR:process_memory_win.cc(73)] ReadMemory at 0x221ef023650 of 132 bytes failed: Only part of a ReadProcessMemory or WriteProcessMemory request was completed. (0x12B)
[0210/100527.488:ERROR:process_memory_win.cc(73)] ReadMemory at 0x221ef0237e0 of 132 bytes failed: Only part of a ReadProcessMemory or WriteProcessMemory request was completed. (0x12B)
[0210/100527.488:ERROR:process_memory_win.cc(73)] ReadMemory at 0x221ef0239a0 of 124 bytes failed: Only part of a ReadProcessMemory or WriteProcessMemory request was completed. (0x12B)
[0210/100527.488:ERROR:process_memory_win.cc(73)] ReadMemory at 0x221ef023d80 of 132 bytes failed: Only part of a ReadProcessMemory or WriteProcessMemory request was completed. (0x12B)
[0210/100527.488:ERROR:process_memory_win.cc(73)] ReadMemory at 0x221ef023f10 of 64 bytes failed: Only part of a ReadProcessMemory or WriteProcessMemory request was completed. (0x12B)
[0210/100527.488:ERROR:process_memory_win.cc(73)] ReadMemory at 0x221ef023f60 of 132 bytes failed: Only part of a ReadProcessMemory or WriteProcessMemory request was completed. (0x12B)
[0210/100527.488:ERROR:process_memory_win.cc(73)] ReadMemory at 0x221ef0240d0 of 132 bytes failed: Only part of a ReadProcessMemory or WriteProcessMemory request was completed. (0x12B)
[0210/100527.488:ERROR:process_memory_win.cc(73)] ReadMemory at 0x221ef024370 of 132 bytes failed: Only part of a ReadProcessMemory or WriteProcessMemory request was completed. (0x12B)
[0210/100527.488:ERROR:process_memory_win.cc(73)] ReadMemory at 0x221ef024500 of 68 bytes failed: Only part of a ReadProcessMemory or WriteProcessMemory request was completed. (0x12B)
[0210/100527.488:ERROR:process_memory_win.cc(73)] ReadMemory at 0x221ef0255d0 of 132 bytes failed: Only part of a ReadProcessMemory or WriteProcessMemory request was completed. (0x12B)
[0210/100527.488:ERROR:process_memory_win.cc(73)] ReadMemory at 0x221ef025760 of 152 bytes failed: Only part of a ReadProcessMemory or WriteProcessMemory request was completed. (0x12B)
[0210/100527.488:ERROR:process_memory_win.cc(73)] ReadMemory at 0x221ef0264ea of 512 bytes failed: Only part of a ReadProcessMemory or WriteProcessMemory request was completed. (0x12B)
[0210/100527.488:ERROR:process_memory_win.cc(73)] ReadMemory at 0x221ef026900 of 132 bytes failed: Only part of a ReadProcessMemory or WriteProcessMemory request was completed. (0x12B)
[0210/100527.488:ERROR:process_memory_win.cc(73)] ReadMemory at 0x221ef026c50 of 132 bytes failed: Only part of a ReadProcessMemory or WriteProcessMemory request was completed. (0x12B)
[0210/100527.488:ERROR:process_memory_win.cc(73)] ReadMemory at 0x221ef027a90 of 62 bytes failed: Only part of a ReadProcessMemory or WriteProcessMemory request was completed. (0x12B)
[0210/100527.488:ERROR:process_memory_win.cc(73)] ReadMemory at 0x221ef027ae0 of 144 bytes failed: Only part of a ReadProcessMemory or WriteProcessMemory request was completed. (0x12B)
[0210/100527.488:ERROR:process_memory_win.cc(73)] ReadMemory at 0x221ef027bc0 of 132 bytes failed: Only part of a ReadProcessMemory or WriteProcessMemory request was completed. (0x12B)
[0210/100527.488:ERROR:process_memory_win.cc(73)] ReadMemory at 0x221ef027d50 of 60 bytes failed: Only part of a ReadProcessMemory or WriteProcessMemory request was completed. (0x12B)
[0210/100527.488:ERROR:process_memory_win.cc(73)] ReadMemory at 0x221ef02a9d0 of 132 bytes failed: Only part of a ReadProcessMemory or WriteProcessMemory request was completed. (0x12B)
[0210/100527.488:ERROR:process_memory_win.cc(73)] ReadMemory at 0x221ef02ab00 of 132 bytes failed: Only part of a ReadProcessMemory or WriteProcessMemory request was completed. (0x12B)
[0210/100527.488:ERROR:process_memory_win.cc(73)] ReadMemory at 0x221ef02ac90 of 80 bytes failed: Only part of a ReadProcessMemory or WriteProcessMemory request was completed. (0x12B)
[0210/100527.488:ERROR:process_memory_win.cc(73)] ReadMemory at 0x221ef02ae80 of 64 bytes failed: Only part of a ReadProcessMemory or WriteProcessMemory request was completed. (0x12B)
[0210/100527.489:ERROR:process_memory_win.cc(73)] ReadMemory at 0x221ef02af70 of 60 bytes failed: Only part of a ReadProcessMemory or WriteProcessMemory request was completed. (0x12B)
[0210/100527.489:ERROR:process_memory_win.cc(73)] ReadMemory at 0x221ef02b100 of 64 bytes failed: Only part of a ReadProcessMemory or WriteProcessMemory request was completed. (0x12B)
[0210/100527.489:ERROR:process_memory_win.cc(73)] ReadMemory at 0x221ef02b150 of 66 bytes failed: Only part of a ReadProcessMemory or WriteProcessMemory request was completed. (0x12B)
[0210/100527.489:ERROR:process_memory_win.cc(73)] ReadMemory at 0x221ef02b1a0 of 62 bytes failed: Only part of a ReadProcessMemory or WriteProcessMemory request was completed. (0x12B)
[0210/100527.489:ERROR:process_memory_win.cc(73)] ReadMemory at 0x221ef02b290 of 60 bytes failed: Only part of a ReadProcessMemory or WriteProcessMemory request was completed. (0x12B)
[0210/100527.489:ERROR:process_memory_win.cc(73)] ReadMemory at 0x221ef02b380 of 64 bytes failed: Only part of a ReadProcessMemory or WriteProcessMemory request was completed. (0x12B)
[0210/100527.489:ERROR:process_memory_win.cc(73)] ReadMemory at 0x221ef02b3d0 of 64 bytes failed: Only part of a ReadProcessMemory or WriteProcessMemory request was completed. (0x12B)
[0210/100527.489:ERROR:process_memory_win.cc(73)] ReadMemory at 0x221ef02b560 of 62 bytes failed: Only part of a ReadProcessMemory or WriteProcessMemory request was completed. (0x12B)
[0210/100527.489:ERROR:process_memory_win.cc(73)] ReadMemory at 0x221ef02ba40 of 132 bytes failed: Only part of a ReadProcessMemory or WriteProcessMemory request was completed. (0x12B)
[0210/100527.489:ERROR:process_memory_win.cc(73)] ReadMemory at 0x221ef02bb70 of 132 bytes failed: Only part of a ReadProcessMemory or WriteProcessMemory request was completed. (0x12B)
[0210/100527.489:ERROR:process_memory_win.cc(73)] ReadMemory at 0x221ef02bdd0 of 132 bytes failed: Only part of a ReadProcessMemory or WriteProcessMemory request was completed. (0x12B)
[0210/100527.489:ERROR:process_memory_win.cc(73)] ReadMemory at 0x221ef02bf00 of 132 bytes failed: Only part of a ReadProcessMemory or WriteProcessMemory request was completed. (0x12B)
[0210/100527.489:ERROR:process_memory_win.cc(73)] ReadMemory at 0x221ef02c030 of 132 bytes failed: Only part of a ReadProcessMemory or WriteProcessMemory request was completed. (0x12B)
[0210/100527.489:ERROR:process_memory_win.cc(73)] ReadMemory at 0x221ef02c160 of 132 bytes failed: Only part of a ReadProcessMemory or WriteProcessMemory request was completed. (0x12B)
[0210/100527.489:ERROR:process_memory_win.cc(73)] ReadMemory at 0x221ef02c290 of 132 bytes failed: Only part of a ReadProcessMemory or WriteProcessMemory request was completed. (0x12B)
[0210/100527.489:ERROR:process_memory_win.cc(73)] ReadMemory at 0x221ef02c3c0 of 132 bytes failed: Only part of a ReadProcessMemory or WriteProcessMemory request was completed. (0x12B)
[0210/100527.489:ERROR:process_memory_win.cc(73)] ReadMemory at 0x221ef02c4f0 of 132 bytes failed: Only part of a ReadProcessMemory or WriteProcessMemory request was completed. (0x12B)
[0210/100527.489:ERROR:process_memory_win.cc(73)] ReadMemory at 0x221ef02c620 of 132 bytes failed: Only part of a ReadProcessMemory or WriteProcessMemory request was completed. (0x12B)
[0210/100527.489:ERROR:process_memory_win.cc(73)] ReadMemory at 0x221ef02c750 of 132 bytes failed: Only part of a ReadProcessMemory or WriteProcessMemory request was completed. (0x12B)
[0210/100527.489:ERROR:process_memory_win.cc(73)] ReadMemory at 0x221ef02c880 of 132 bytes failed: Only part of a ReadProcessMemory or WriteProcessMemory request was completed. (0x12B)
[0210/100527.489:ERROR:process_memory_win.cc(73)] ReadMemory at 0x221ef02e9b0 of 54 bytes failed: Only part of a ReadProcessMemory or WriteProcessMemory request was completed. (0x12B)
[0210/100527.489:ERROR:process_memory_win.cc(73)] ReadMemory at 0x221ef02f730 of 132 bytes failed: Only part of a ReadProcessMemory or WriteProcessMemory request was completed. (0x12B)
[0210/100527.489:ERROR:process_memory_win.cc(73)] ReadMemory at 0x221ef02fee0 of 132 bytes failed: Only part of a ReadProcessMemory or WriteProcessMemory request was completed. (0x12B)
[0210/100527.489:ERROR:process_memory_win.cc(73)] ReadMemory at 0x221ef032f00 of 132 bytes failed: Only part of a ReadProcessMemory or WriteProcessMemory request was completed. (0x12B)
[0210/100527.489:ERROR:process_memory_win.cc(73)] ReadMemory at 0x221ef033120 of 132 bytes failed: Only part of a ReadProcessMemory or WriteProcessMemory request was completed. (0x12B)
[0210/100527.489:ERROR:process_memory_win.cc(73)] ReadMemory at 0x221ef033480 of 132 bytes failed: Only part of a ReadProcessMemory or WriteProcessMemory request was completed. (0x12B)
[0210/100527.489:ERROR:process_memory_win.cc(73)] ReadMemory at 0x221ef035cc0 of 80 bytes failed: Only part of a ReadProcessMemory or WriteProcessMemory request was completed. (0x12B)
[0210/100527.489:ERROR:process_memory_win.cc(73)] ReadMemory at 0x221ef035f00 of 76 bytes failed: Only part of a ReadProcessMemory or WriteProcessMemory request was completed. (0x12B)
[0210/100527.489:ERROR:process_memory_win.cc(73)] ReadMemory at 0x221ef0368a0 of 62 bytes failed: Only part of a ReadProcessMemory or WriteProcessMemory request was completed. (0x12B)
[0210/100527.489:ERROR:process_memory_win.cc(73)] ReadMemory at 0x221ef0368f0 of 62 bytes failed: Only part of a ReadProcessMemory or WriteProcessMemory request was completed. (0x12B)
[0210/100527.489:ERROR:process_memory_win.cc(73)] ReadMemory at 0x221ef036940 of 60 bytes failed: Only part of a ReadProcessMemory or WriteProcessMemory request was completed. (0x12B)
[0210/100527.490:ERROR:process_memory_win.cc(73)] ReadMemory at 0x221ef036a80 of 62 bytes failed: Only part of a ReadProcessMemory or WriteProcessMemory request was completed. (0x12B)
[0210/100527.490:ERROR:process_memory_win.cc(73)] ReadMemory at 0x221ef036b20 of 64 bytes failed: Only part of a ReadProcessMemory or WriteProcessMemory request was completed. (0x12B)
[0210/100527.490:ERROR:process_memory_win.cc(73)] ReadMemory at 0x221ef036b70 of 64 bytes failed: Only part of a ReadProcessMemory or WriteProcessMemory request was completed. (0x12B)
[0210/100527.490:ERROR:process_memory_win.cc(73)] ReadMemory at 0x221ef036bc0 of 62 bytes failed: Only part of a ReadProcessMemory or WriteProcessMemory request was completed. (0x12B)
[0210/100527.490:ERROR:process_memory_win.cc(73)] ReadMemory at 0x221ef036e40 of 58 bytes failed: Only part of a ReadProcessMemory or WriteProcessMemory request was completed. (0x12B)
[0210/100527.490:ERROR:process_memory_win.cc(73)] ReadMemory at 0x221ef036e90 of 64 bytes failed: Only part of a ReadProcessMemory or WriteProcessMemory request was completed. (0x12B)
[0210/100527.490:ERROR:process_memory_win.cc(73)] ReadMemory at 0x221ef036ee0 of 60 bytes failed: Only part of a ReadProcessMemory or WriteProcessMemory request was completed. (0x12B)
[0210/100527.490:ERROR:process_memory_win.cc(73)] ReadMemory at 0x221ef036f30 of 62 bytes failed: Only part of a ReadProcessMemory or WriteProcessMemory request was completed. (0x12B)
[0210/100527.490:ERROR:process_memory_win.cc(73)] ReadMemory at 0x221ef0370c0 of 62 bytes failed: Only part of a ReadProcessMemory or WriteProcessMemory request was completed. (0x12B)
[0210/100527.490:ERROR:process_memory_win.cc(73)] ReadMemory at 0x221ef037200 of 62 bytes failed: Only part of a ReadProcessMemory or WriteProcessMemory request was completed. (0x12B)
[0210/100527.490:ERROR:process_memory_win.cc(73)] ReadMemory at 0x221ef0372a0 of 60 bytes failed: Only part of a ReadProcessMemory or WriteProcessMemory request was completed. (0x12B)
[0210/100527.490:ERROR:process_memory_win.cc(73)] ReadMemory at 0x221ef0373e0 of 64 bytes failed: Only part of a ReadProcessMemory or WriteProcessMemory request was completed. (0x12B)
[0210/100527.490:ERROR:process_memory_win.cc(73)] ReadMemory at 0x221ef037430 of 60 bytes failed: Only part of a ReadProcessMemory or WriteProcessMemory request was completed. (0x12B)
[0210/100527.490:ERROR:process_memory_win.cc(73)] ReadMemory at 0x221ef0375c0 of 66 bytes failed: Only part of a ReadProcessMemory or WriteProcessMemory request was completed. (0x12B)
[0210/100527.490:ERROR:process_memory_win.cc(73)] ReadMemory at 0x221ef037610 of 62 bytes failed: Only part of a ReadProcessMemory or WriteProcessMemory request was completed. (0x12B)
[0210/100527.490:ERROR:process_memory_win.cc(73)] ReadMemory at 0x221ef037d30 of 132 bytes failed: Only part of a ReadProcessMemory or WriteProcessMemory request was completed. (0x12B)
[0210/100527.490:ERROR:process_memory_win.cc(73)] ReadMemory at 0x221ef037e60 of 132 bytes failed: Only part of a ReadProcessMemory or WriteProcessMemory request was completed. (0x12B)
[0210/100527.490:ERROR:process_memory_win.cc(73)] ReadMemory at 0x221ef037f90 of 132 bytes failed: Only part of a ReadProcessMemory or WriteProcessMemory request was completed. (0x12B)
[0210/100527.490:ERROR:process_memory_win.cc(73)] ReadMemory at 0x221ef0380c0 of 132 bytes failed: Only part of a ReadProcessMemory or WriteProcessMemory request was completed. (0x12B)
[0210/100527.490:ERROR:process_memory_win.cc(73)] ReadMemory at 0x221ef0381f0 of 132 bytes failed: Only part of a ReadProcessMemory or WriteProcessMemory request was completed. (0x12B)
[0210/100527.490:ERROR:process_memory_win.cc(73)] ReadMemory at 0x221ef038580 of 132 bytes failed: Only part of a ReadProcessMemory or WriteProcessMemory request was completed. (0x12B)
[0210/100527.490:ERROR:process_memory_win.cc(73)] ReadMemory at 0x221ef038910 of 132 bytes failed: Only part of a ReadProcessMemory or WriteProcessMemory request was completed. (0x12B)
[0210/100527.490:ERROR:process_memory_win.cc(73)] ReadMemory at 0x221ef038ca0 of 132 bytes failed: Only part of a ReadProcessMemory or WriteProcessMemory request was completed. (0x12B)
[0210/100527.490:ERROR:process_memory_win.cc(73)] ReadMemory at 0x221ef0394f0 of 132 bytes failed: Only part of a ReadProcessMemory or WriteProcessMemory request was completed. (0x12B)
[0210/100527.490:ERROR:process_memory_win.cc(73)] ReadMemory at 0x221ef039620 of 132 bytes failed: Only part of a ReadProcessMemory or WriteProcessMemory request was completed. (0x12B)
[0210/100527.490:ERROR:process_memory_win.cc(73)] ReadMemory at 0x221ef04f520 of 512 bytes failed: Only part of a ReadProcessMemory or WriteProcessMemory request was completed. (0x12B)
[0210/100527.490:ERROR:process_memory_win.cc(73)] ReadMemory at 0x221ef050ac0 of 512 bytes failed: Only part of a ReadProcessMemory or WriteProcessMemory request was completed. (0x12B)
[0210/100527.490:ERROR:process_memory_win.cc(73)] ReadMemory at 0x221ef400010 of 512 bytes failed: Only part of a ReadProcessMemory or WriteProcessMemory request was completed. (0x12B)
[0210/100527.490:ERROR:process_memory_win.cc(73)] ReadMemory at 0x221ef400cd0 of 512 bytes failed: Only part of a ReadProcessMemory or WriteProcessMemory request was completed. (0x12B)
[0210/100527.490:ERROR:process_memory_win.cc(73)] ReadMemory at 0x221ef402740 of 512 bytes failed: Only part of a ReadProcessMemory or WriteProcessMemory request was completed. (0x12B)
[0210/100527.490:ERROR:process_memory_win.cc(73)] ReadMemory at 0x221ef402e00 of 512 bytes failed: Only part of a ReadProcessMemory or WriteProcessMemory request was completed. (0x12B)
[0210/100527.491:ERROR:process_memory_win.cc(73)] ReadMemory at 0x221ef530248 of 512 bytes failed: Only part of a ReadProcessMemory or WriteProcessMemory request was completed. (0x12B)
[0210/100527.491:ERROR:process_memory_win.cc(73)] ReadMemory at 0x221ef582ce0 of 512 bytes failed: Only part of a ReadProcessMemory or WriteProcessMemory request was completed. (0x12B)
[0210/100527.491:ERROR:process_memory_win.cc(73)] ReadMemory at 0x221ef5831c0 of 512 bytes failed: Only part of a ReadProcessMemory or WriteProcessMemory request was completed. (0x12B)
[0210/100527.491:ERROR:process_memory_win.cc(73)] ReadMemory at 0x221ef585160 of 512 bytes failed: Only part of a ReadProcessMemory or WriteProcessMemory request was completed. (0x12B)
[0210/100527.491:ERROR:process_memory_win.cc(73)] ReadMemory at 0x221ef5adde0 of 512 bytes failed: Only part of a ReadProcessMemory or WriteProcessMemory request was completed. (0x12B)
[0210/100527.491:ERROR:process_memory_win.cc(73)] ReadMemory at 0x221ef5b9b00 of 712 bytes failed: Only part of a ReadProcessMemory or WriteProcessMemory request was completed. (0x12B)
[0210/100527.491:ERROR:process_memory_win.cc(73)] ReadMemory at 0x221ef5cbae8 of 512 bytes failed: Only part of a ReadProcessMemory or WriteProcessMemory request was completed. (0x12B)
[0210/100527.491:ERROR:process_memory_win.cc(73)] ReadMemory at 0x221ef5cc238 of 512 bytes failed: Only part of a ReadProcessMemory or WriteProcessMemory request was completed. (0x12B)
[0210/100527.491:ERROR:process_memory_win.cc(73)] ReadMemory at 0x221ef5cc748 of 512 bytes failed: Only part of a ReadProcessMemory or WriteProcessMemory request was completed. (0x12B)
[0210/100527.491:ERROR:process_memory_win.cc(73)] ReadMemory at 0x221ef5cce08 of 512 bytes failed: Only part of a ReadProcessMemory or WriteProcessMemory request was completed. (0x12B)
[0210/100527.491:ERROR:process_memory_win.cc(73)] ReadMemory at 0x221ef5cd4c8 of 512 bytes failed: Only part of a ReadProcessMemory or WriteProcessMemory request was completed. (0x12B)
[0210/100527.491:ERROR:process_memory_win.cc(73)] ReadMemory at 0x221f137ff50 of 512 bytes failed: Only part of a ReadProcessMemory or WriteProcessMemory request was completed. (0x12B)
[0210/100527.491:ERROR:process_memory_win.cc(73)] ReadMemory at 0x221f1389c00 of 512 bytes failed: Only part of a ReadProcessMemory or WriteProcessMemory request was completed. (0x12B)
[0210/100527.491:ERROR:process_memory_win.cc(73)] ReadMemory at 0x221f13b28e0 of 512 bytes failed: Only part of a ReadProcessMemory or WriteProcessMemory request was completed. (0x12B)
[0210/100527.491:ERROR:process_memory_win.cc(73)] ReadMemory at 0x221f13b4260 of 512 bytes failed: Only part of a ReadProcessMemory or WriteProcessMemory request was completed. (0x12B)
[0210/100527.491:ERROR:process_memory_win.cc(73)] ReadMemory at 0x221f1468a10 of 512 bytes failed: Only part of a ReadProcessMemory or WriteProcessMemory request was completed. (0x12B)
[0210/100527.491:ERROR:process_memory_win.cc(73)] ReadMemory at 0x221f14efe70 of 512 bytes failed: Only part of a ReadProcessMemory or WriteProcessMemory request was completed. (0x12B)
[0210/100527.491:ERROR:process_memory_win.cc(73)] ReadMemory at 0x221f1504aa8 of 512 bytes failed: Only part of a ReadProcessMemory or WriteProcessMemory request was completed. (0x12B)
[0210/100527.491:ERROR:process_memory_win.cc(73)] ReadMemory at 0x7ff84081020c of 512 bytes failed: Only part of a ReadProcessMemory or WriteProcessMemory request was completed. (0x12B)
[0210/100527.491:ERROR:process_memory_win.cc(73)] ReadMemory at 0x7ff840ebe77e of 553 bytes failed: Only part of a ReadProcessMemory or WriteProcessMemory request was completed. (0x12B)
[0210/100527.491:ERROR:process_memory_win.cc(73)] ReadMemory at 0x7ff89ac7b6d0 of 512 bytes failed: Only part of a ReadProcessMemory or WriteProcessMemory request was completed. (0x12B)
[0210/100527.491:ERROR:process_memory_win.cc(73)] ReadMemory at 0x7ff89da9c0c4 of 672 bytes failed: Only part of a ReadProcessMemory or WriteProcessMemory request was completed. (0x12B)
[0210/100527.491:ERROR:process_memory_win.cc(73)] ReadMemory at 0x7ff89da9c6c4 of 512 bytes failed: Only part of a ReadProcessMemory or WriteProcessMemory request was completed. (0x12B)
[0210/100527.491:ERROR:process_memory_win.cc(73)] ReadMemory at 0x7ff89da9f974 of 608 bytes failed: Only part of a ReadProcessMemory or WriteProcessMemory request was completed. (0x12B)
[0210/100527.491:ERROR:process_memory_win.cc(73)] ReadMemory at 0x7ff89db2c428 of 18 bytes failed: Only part of a ReadProcessMemory or WriteProcessMemory request was completed. (0x12B)
[0210/100527.491:ERROR:process_memory_win.cc(73)] ReadMemory at 0x7ff89db5f4f8 of 40 bytes failed: Only part of a ReadProcessMemory or WriteProcessMemory request was completed. (0x12B)
[0210/100527.491:ERROR:process_memory_win.cc(73)] ReadMemory at 0x7ff89db5f978 of 48 bytes failed: Only part of a ReadProcessMemory or WriteProcessMemory request was completed. (0x12B)
[0210/100527.492:ERROR:process_memory_win.cc(73)] ReadMemory at 0x7ff89db653c0 of 64 bytes failed: Only part of a ReadProcessMemory or WriteProcessMemory request was completed. (0x12B)
[0210/100527.492:ERROR:scoped_process_suspend.cc(40)] NtResumeProcess: An attempt was made to access an exiting process. (0xc000010a)
